Warning[207] C:\USERS\SERVI\MPLABXPROJECTS\PROYECTO_3.X\PROYECTO_3.ASM 109 : Found label after column 1. (A1)
Warning[207] C:\USERS\SERVI\MPLABXPROJECTS\PROYECTO_3.X\PROYECTO_3.ASM 127 : Found label after column 1. (A2)
Warning[207] C:\USERS\SERVI\MPLABXPROJECTS\PROYECTO_3.X\PROYECTO_3.ASM 135 : Found label after column 1. (TERMINARR)
Warning[207] C:\USERS\SERVI\MPLABXPROJECTS\PROYECTO_3.X\PROYECTO_3.ASM 189 : Found label after column 1. (BANDERAS)
Warning[207] C:\USERS\SERVI\MPLABXPROJECTS\PROYECTO_3.X\PROYECTO_3.ASM 191 : Found label after column 1. (COSO1)
Message[305] C:\USERS\SERVI\MPLABXPROJECTS\PROYECTO_3.X\PROYECTO_3.ASM 201 : Using default destination of 1 (file).
Message[305] C:\USERS\SERVI\MPLABXPROJECTS\PROYECTO_3.X\PROYECTO_3.ASM 207 : Using default destination of 1 (file).
Warning[207] C:\USERS\SERVI\MPLABXPROJECTS\PROYECTO_3.X\PROYECTO_3.ASM 229 : Found label after column 1. (T)
Warning[207] C:\USERS\SERVI\MPLABXPROJECTS\PROYECTO_3.X\PROYECTO_3.ASM 250 : Found label after column 1. (COSO2)
Warning[207] C:\USERS\SERVI\MPLABXPROJECTS\PROYECTO_3.X\PROYECTO_3.ASM 261 : Found label after column 1. (TERMINAR)
Message[302] C:\USERS\SERVI\MPLABXPROJECTS\PROYECTO_3.X\PROYECTO_3.ASM 412 : Register in operand not in bank 0.  Ensure that bank bits are correct.
Message[302] C:\USERS\SERVI\MPLABXPROJECTS\PROYECTO_3.X\PROYECTO_3.ASM 415 : Register in operand not in bank 0.  Ensure that bank bits are correct.
Message[302] C:\USERS\SERVI\MPLABXPROJECTS\PROYECTO_3.X\PROYECTO_3.ASM 416 : Register in operand not in bank 0.  Ensure that bank bits are correct.
Message[302] C:\USERS\SERVI\MPLABXPROJECTS\PROYECTO_3.X\PROYECTO_3.ASM 419 : Register in operand not in bank 0.  Ensure that bank bits are correct.
Message[302] C:\USERS\SERVI\MPLABXPROJECTS\PROYECTO_3.X\PROYECTO_3.ASM 429 : Register in operand not in bank 0.  Ensure that bank bits are correct.
Message[302] C:\USERS\SERVI\MPLABXPROJECTS\PROYECTO_3.X\PROYECTO_3.ASM 432 : Register in operand not in bank 0.  Ensure that bank bits are correct.
Message[302] C:\USERS\SERVI\MPLABXPROJECTS\PROYECTO_3.X\PROYECTO_3.ASM 433 : Register in operand not in bank 0.  Ensure that bank bits are correct.
Message[302] C:\USERS\SERVI\MPLABXPROJECTS\PROYECTO_3.X\PROYECTO_3.ASM 436 : Register in operand not in bank 0.  Ensure that bank bits are correct.
Message[302] C:\USERS\SERVI\MPLABXPROJECTS\PROYECTO_3.X\PROYECTO_3.ASM 448 : Register in operand not in bank 0.  Ensure that bank bits are correct.
Message[302] C:\USERS\SERVI\MPLABXPROJECTS\PROYECTO_3.X\PROYECTO_3.ASM 454 : Register in operand not in bank 0.  Ensure that bank bits are correct.
Message[302] C:\USERS\SERVI\MPLABXPROJECTS\PROYECTO_3.X\PROYECTO_3.ASM 457 : Register in operand not in bank 0.  Ensure that bank bits are correct.
Message[302] C:\USERS\SERVI\MPLABXPROJECTS\PROYECTO_3.X\PROYECTO_3.ASM 458 : Register in operand not in bank 0.  Ensure that bank bits are correct.
Message[302] C:\USERS\SERVI\MPLABXPROJECTS\PROYECTO_3.X\PROYECTO_3.ASM 463 : Register in operand not in bank 0.  Ensure that bank bits are correct.
Message[302] C:\USERS\SERVI\MPLABXPROJECTS\PROYECTO_3.X\PROYECTO_3.ASM 465 : Register in operand not in bank 0.  Ensure that bank bits are correct.
Message[302] C:\USERS\SERVI\MPLABXPROJECTS\PROYECTO_3.X\PROYECTO_3.ASM 466 : Register in operand not in bank 0.  Ensure that bank bits are correct.
Message[302] C:\USERS\SERVI\MPLABXPROJECTS\PROYECTO_3.X\PROYECTO_3.ASM 469 : Register in operand not in bank 0.  Ensure that bank bits are correct.
Message[305] C:\USERS\SERVI\MPLABXPROJECTS\PROYECTO_3.X\PROYECTO_3.ASM 477 : Using default destination of 1 (file).
Warning[207] C:\USERS\SERVI\MPLABXPROJECTS\PROYECTO_3.X\PROYECTO_3.ASM 481 : Found label after column 1. (AA)
Warning[207] C:\USERS\SERVI\MPLABXPROJECTS\PROYECTO_3.X\PROYECTO_3.ASM 487 : Found label after column 1. (AA2)
Message[302] C:\USERS\SERVI\MPLABXPROJECTS\PROYECTO_3.X\PROYECTO_3.ASM 503 : Register in operand not in bank 0.  Ensure that bank bits are correct.
Message[302] C:\USERS\SERVI\MPLABXPROJECTS\PROYECTO_3.X\PROYECTO_3.ASM 528 : Register in operand not in bank 0.  Ensure that bank bits are correct.
Warning[207] C:\USERS\SERVI\MPLABXPROJECTS\PROYECTO_3.X\PROYECTO_3.ASM 534 : Found label after column 1. (CONFIG_OSC)
Message[302] C:\USERS\SERVI\MPLABXPROJECTS\PROYECTO_3.X\PROYECTO_3.ASM 537 : Register in operand not in bank 0.  Ensure that bank bits are correct.
Message[302] C:\USERS\SERVI\MPLABXPROJECTS\PROYECTO_3.X\PROYECTO_3.ASM 542 : Register in operand not in bank 0.  Ensure that bank bits are correct.
Message[302] C:\USERS\SERVI\MPLABXPROJECTS\PROYECTO_3.X\PROYECTO_3.ASM 543 : Register in operand not in bank 0.  Ensure that bank bits are correct.
Message[302] C:\USERS\SERVI\MPLABXPROJECTS\PROYECTO_3.X\PROYECTO_3.ASM 544 : Register in operand not in bank 0.  Ensure that bank bits are correct.
Message[302] C:\USERS\SERVI\MPLABXPROJECTS\PROYECTO_3.X\PROYECTO_3.ASM 545 : Register in operand not in bank 0.  Ensure that bank bits are correct.
Message[302] C:\USERS\SERVI\MPLABXPROJECTS\PROYECTO_3.X\PROYECTO_3.ASM 546 : Register in operand not in bank 0.  Ensure that bank bits are correct.
Message[302] C:\USERS\SERVI\MPLABXPROJECTS\PROYECTO_3.X\PROYECTO_3.ASM 556 : Register in operand not in bank 0.  Ensure that bank bits are correct.
Message[302] C:\USERS\SERVI\MPLABXPROJECTS\PROYECTO_3.X\PROYECTO_3.ASM 557 : Register in operand not in bank 0.  Ensure that bank bits are correct.
Message[302] C:\USERS\SERVI\MPLABXPROJECTS\PROYECTO_3.X\PROYECTO_3.ASM 558 : Register in operand not in bank 0.  Ensure that bank bits are correct.
Message[302] C:\USERS\SERVI\MPLABXPROJECTS\PROYECTO_3.X\PROYECTO_3.ASM 559 : Register in operand not in bank 0.  Ensure that bank bits are correct.
Message[302] C:\USERS\SERVI\MPLABXPROJECTS\PROYECTO_3.X\PROYECTO_3.ASM 561 : Register in operand not in bank 0.  Ensure that bank bits are correct.
Message[305] C:\USERS\SERVI\MPLABXPROJECTS\PROYECTO_3.X\PROYECTO_3.ASM 562 : Using default destination of 1 (file).
Message[302] C:\USERS\SERVI\MPLABXPROJECTS\PROYECTO_3.X\PROYECTO_3.ASM 562 : Register in operand not in bank 0.  Ensure that bank bits are correct.
Message[302] C:\USERS\SERVI\MPLABXPROJECTS\PROYECTO_3.X\PROYECTO_3.ASM 563 : Register in operand not in bank 0.  Ensure that bank bits are correct.
Message[302] C:\USERS\SERVI\MPLABXPROJECTS\PROYECTO_3.X\PROYECTO_3.ASM 564 : Register in operand not in bank 0.  Ensure that bank bits are correct.
Message[305] C:\USERS\SERVI\MPLABXPROJECTS\PROYECTO_3.X\PROYECTO_3.ASM 565 : Using default destination of 1 (file).
Message[302] C:\USERS\SERVI\MPLABXPROJECTS\PROYECTO_3.X\PROYECTO_3.ASM 565 : Register in operand not in bank 0.  Ensure that bank bits are correct.
Message[302] C:\USERS\SERVI\MPLABXPROJECTS\PROYECTO_3.X\PROYECTO_3.ASM 566 : Register in operand not in bank 0.  Ensure that bank bits are correct.
Message[302] C:\USERS\SERVI\MPLABXPROJECTS\PROYECTO_3.X\PROYECTO_3.ASM 567 : Register in operand not in bank 0.  Ensure that bank bits are correct.
Message[302] C:\USERS\SERVI\MPLABXPROJECTS\PROYECTO_3.X\PROYECTO_3.ASM 568 : Register in operand not in bank 0.  Ensure that bank bits are correct.
Message[302] C:\USERS\SERVI\MPLABXPROJECTS\PROYECTO_3.X\PROYECTO_3.ASM 586 : Register in operand not in bank 0.  Ensure that bank bits are correct.
Message[302] C:\USERS\SERVI\MPLABXPROJECTS\PROYECTO_3.X\PROYECTO_3.ASM 594 : Register in operand not in bank 0.  Ensure that bank bits are correct.
Message[302] C:\USERS\SERVI\MPLABXPROJECTS\PROYECTO_3.X\PROYECTO_3.ASM 597 : Register in operand not in bank 0.  Ensure that bank bits are correct.
Message[302] C:\USERS\SERVI\MPLABXPROJECTS\PROYECTO_3.X\PROYECTO_3.ASM 598 : Register in operand not in bank 0.  Ensure that bank bits are correct.
Message[302] C:\USERS\SERVI\MPLABXPROJECTS\PROYECTO_3.X\PROYECTO_3.ASM 611 : Register in operand not in bank 0.  Ensure that bank bits are correct.
Message[302] C:\USERS\SERVI\MPLABXPROJECTS\PROYECTO_3.X\PROYECTO_3.ASM 612 : Register in operand not in bank 0.  Ensure that bank bits are correct.
Message[302] C:\USERS\SERVI\MPLABXPROJECTS\PROYECTO_3.X\PROYECTO_3.ASM 613 : Register in operand not in bank 0.  Ensure that bank bits are correct.
Message[302] C:\USERS\SERVI\MPLABXPROJECTS\PROYECTO_3.X\PROYECTO_3.ASM 614 : Register in operand not in bank 0.  Ensure that bank bits are correct.
Message[302] C:\USERS\SERVI\MPLABXPROJECTS\PROYECTO_3.X\PROYECTO_3.ASM 617 : Register in operand not in bank 0.  Ensure that bank bits are correct.
Message[302] C:\USERS\SERVI\MPLABXPROJECTS\PROYECTO_3.X\PROYECTO_3.ASM 620 : Register in operand not in bank 0.  Ensure that bank bits are correct.
Message[302] C:\USERS\SERVI\MPLABXPROJECTS\PROYECTO_3.X\PROYECTO_3.ASM 621 : Register in operand not in bank 0.  Ensure that bank bits are correct.
Warning[207] C:\USERS\SERVI\MPLABXPROJECTS\PROYECTO_3.X\PROYECTO_3.ASM 630 : Found label after column 1. (DELAY_1)
Warning[207] C:\USERS\SERVI\MPLABXPROJECTS\PROYECTO_3.X\PROYECTO_3.ASM 633 : Found label after column 1. (CONFIG1)
Warning[207] C:\USERS\SERVI\MPLABXPROJECTS\PROYECTO_3.X\PROYECTO_3.ASM 639 : Found label after column 1. (DELAY_2)
Warning[207] C:\USERS\SERVI\MPLABXPROJECTS\PROYECTO_3.X\PROYECTO_3.ASM 642 : Found label after column 1. (CONFIG2)
Warning[205] C:\USERS\SERVI\MPLABXPROJECTS\PROYECTO_3.X\PROYECTO_3.ASM 648 : Found directive in column 1. (END)
