MPASM 5.77                     PROYECTO3.ASM   11-5-2020  13:54:38         PAGE  1


LOC  OBJECT CODE     LINE SOURCE TEXT
  VALUE

                      00001 ; PIC16F887 Configuration Bit Settings
                      00002 
                      00003 #include "p16f887.inc"
                      00001         LIST
                      00002 
                      00003 ;==========================================================================
                      00004 ; Build date : Nov 22 2017
                      00005 ;  MPASM PIC16F887 processor include
                      00006 ; 
                      00007 ;  (c) Copyright 1999-2017 Microchip Technology, All rights reserved
                      00008 ;==========================================================================
                      00009 
                      00810         LIST
                      00004 
                      00005 ; CONFIG1
                      00006 ; __config 0xE0D4
2007   20D4           00007  __CONFIG _CONFIG1, _FOSC_INTRC_NOCLKOUT & _WDTE_OFF & _PWRTE_OFF & _MCLRE_OFF & _CP_OFF & _CPD_OFF & _B
                            OREN_OFF & _IESO_OFF & _FCMEN_OFF & _LVP_OFF
                      00008 ; CONFIG2
                      00009 ; __config 0xFFFF
2008   3FFF           00010  __CONFIG _CONFIG2, _BOR4V_BOR40V & _WRT_OFF
                      00011  
                      00012 
                      00013 ;                               VARIABLES
                      00014 ;*******************************************************************************
                      00015 GPR_VAR     UDATA
0000                  00016 TIEMPO_1    RES 1
0001                  00017 TIEMPO_2    RES 1
0002                  00018 W_TEMP      RES 1
0003                  00019 VAR_STATUS  RES 1
0004                  00020 BANDERA     RES 1
0005                  00021 SERVO1      RES 1
0006                  00022 SERVO2      RES 1
0007                  00023 MOTORDC     RES 1
                      00024    
                      00025    
                      00026             
                      00027 ;                               INTERRUPCIONES
                      00028 ;*******************************************************************************
                      00029  
                      00030 RES_VECT  CODE    0x0000            ; processor reset vector
0000   2???           00031     GOTO    START                   ; go to beginning of program
                      00032 
                      00033 ISR_VECT    CODE    0x0004
                      00034 
0004                  00035 PUSH:
0004   138B           00036     BCF     INTCON, GIE
0005   00??           00037     MOVWF   W_TEMP
0006   0E03           00038     SWAPF   STATUS, W
0007   00??           00039     MOVWF   VAR_STATUS
                      00040 
0008                  00041 ISR:
0008   1B0C           00042     BTFSC   PIR1, ADIF
MPASM 5.77                     PROYECTO3.ASM   11-5-2020  13:54:38         PAGE  2


LOC  OBJECT CODE     LINE SOURCE TEXT
  VALUE

0009   2???           00043     CALL    COSO_ADC        ; CONVERSION
000A   190B           00044     BTFSC   INTCON, T0IF
000B   2???           00045     CALL    COSO_TMR0
                      00046     
000C                  00047 POP:
000C   0E??           00048     SWAPF   VAR_STATUS, W
000D   0083           00049     MOVWF   STATUS
000E   0E??           00050     SWAPF   W_TEMP, F
000F   0E??           00051     SWAPF   W_TEMP, W
0010   0009           00052     RETFIE
                      00053 
                      00054 ;                   SUB-RUTINAS DE LA INTERRUPCION 
                      00055 ;*******************************************************************************
0011                  00056 COSO_TMR0:
0011   1B85           00057     BTFSC   PORTA, RA7
0012   2???           00058     GOTO    COSO_1
0013   1B05           00059     BTFSC   PORTA, RA6
0014   2???           00060     GOTO    NIVEL_1
0015   0008           00061     RETURN
                      00062     
Warning[207]: Found label after column 1. (COSO_1)
0016                  00063     COSO_1
0016   1B05           00064     BTFSC   PORTA, RA6
0017   2???           00065     GOTO    NIVEL_3
                      00066     
Warning[207]: Found label after column 1. (NIVEL_2)
0018                  00067     NIVEL_2
                      00068     
0018   0008           00069     RETURN
                      00070     
Warning[207]: Found label after column 1. (NIVEL_3)
0019                  00071     NIVEL_3
                      00072     
0019   0008           00073     RETURN
                      00074     
Warning[207]: Found label after column 1. (NIVEL_1)
001A                  00075     NIVEL_1
                      00076     
001A   0008           00077     RETURN
                      00078 
001B                  00079 COSO_ADC:
001B   1800           00080    BTFSC    BANDERA, 0
001C   2???           00081    GOTO     COSO2
Warning[207]: Found label after column 1. (COSO1)
001D                  00082    COSO1             ; VARIAR EN QUE VARIABLE SE GUARDA EL VALOR Y EL CANAL         
001D   081E           00083    MOVFW    ADRESH         
001E   00??           00084    MOVWF    SERVO2          ;VALOR DE ADRESH A VARIABLE ENVIAR
001F   1400           00085    BSF      BANDERA, 0
0020   151F           00086    BSF      ADCON0, 2
0021   2???           00087    CALL     DELAY_2     ; DARLE TIEMPO ANTES DE LA SIGUIENTE CONVERSION
0022   2???           00088    GOTO     TERMINAR
                      00089    
Warning[207]: Found label after column 1. (COSO2)
MPASM 5.77                     PROYECTO3.ASM   11-5-2020  13:54:38         PAGE  3


LOC  OBJECT CODE     LINE SOURCE TEXT
  VALUE

0023                  00090    COSO2            ; CONVERSION EN EL CANAL AN1
0023   081E           00091    MOVFW    ADRESH  ; GUARDAR VALOR EN LA VARIABLE PARA EL EJE Y
0024   00??           00092    MOVWF    SERVO1        
0025   1000           00093    BCF      BANDERA, 0
0026   111F           00094    BCF      ADCON0, 2
0027   2???           00095    CALL     DELAY_2
                      00096    
Warning[207]: Found label after column 1. (TERMINAR)
0028                  00097    TERMINAR
0028   149F           00098    BSF      ADCON0, 1
0029   130C           00099    BCF      PIR1, ADIF      ;BANDERA TERMINAR CONVERSION
002A   0008           00100    RETURN
                      00101 
                      00102 ;                               TABLA
                      00103 ;******************************************************************************* 
002B                  00104 TABLA
                      00105 ;   87654321
                      00106 ;   .BAFGCDE
002B   390F           00107     ANDLW   B'00001111'         ; 0-F
Message[305]: Using default destination of 1 (file).
002C   0782           00108     ADDWF   PCL
                      00109     
002D   3488           00110     RETLW   B'10001000'         ; 0     ABCDEF
002E   34BB           00111     RETLW   B'10111011'         ; 1     BC
002F   3494           00112     RETLW   B'10010100'         ; 2     ABGED
0030   3491           00113     RETLW   B'10010001'         ; 3     ABCDG
0031   34A3           00114     RETLW   B'10100011'         ; 4     BCFG
0032   34C1           00115     RETLW   B'11000001'         ; 5     ACDFG
0033   34C0           00116     RETLW   B'11000000'         ; 6     ACDEFG
0034   349B           00117     RETLW   B'10011011'         ; 7     ABC
0035   3480           00118     RETLW   B'10000000'         ; 8     ABCDEFG
0036   3481           00119     RETLW   B'10000001'         ; 9     ABCDFG
0037   3482           00120     RETLW   B'10000010'         ; A     ABCEFG
0038   34E0           00121     RETLW   B'11100000'         ; b     CDEFG
0039   34CC           00122     RETLW   B'11001100'         ; C     ADEF
003A   34B0           00123     RETLW   B'10110000'         ; d     BCDEG
003B   34C4           00124     RETLW   B'11000100'         ; E     ADEFG
003C   34C6           00125     RETLW   B'11000110'         ; F     AEFG
003D   0008           00126     RETURN
                      00127     
                      00128 ;                           PRINCIPAL 
                      00129 ;****************************************************************************
                      00130 MAIN_PROG   CODE
                      00131 
0000                  00132 START                       ; CONFIGURACIONES
0000   2???           00133    CALL     CONFIG_IO
0001   2???           00134    CALL     UGHHHHHH
0002   2???           00135    CALL     CONFIG_ADC
0003   2???           00136    CALL     CONFIG_INTERRUPT
0004   2???           00137    GOTO     LOOP
0005   2???           00138    CALL     CONFIG_PWM
0006   2???           00139    GOTO     LOOP
                      00140    
MPASM 5.77                     PROYECTO3.ASM   11-5-2020  13:54:38         PAGE  4


LOC  OBJECT CODE     LINE SOURCE TEXT
  VALUE

0007                  00141 LOOP:
0007   0C??           00142     RRF     SERVO1, 0
0008   397F           00143     ANDLW   b'01111111'
0009   3E20           00144     ADDLW   .32
000A   0095           00145     MOVWF   CCPR1L
                      00146     
000B   0C??           00147     RRF     SERVO2, 0
000C   397F           00148     ANDLW   b'01111111'
000D   3E20           00149     ADDLW   .32
000E   009B           00150     MOVWF   CCPR2L
                      00151     
000F   149F           00152     BSF     ADCON0, GO
0010   2???           00153     GOTO    LOOP
                      00154     
                      00155 ;                               CONFIGURACIONES
                      00156 ;*******************************************************************************
0011                  00157 UGHHHHHH:
0011   1683           00158     BSF STATUS,RP0
0012   30BB           00159     MOVLW   .187
Message[302]: Register in operand not in bank 0.  Ensure that bank bits are correct.
0013   0092           00160     MOVWF   PR2
0014   1283           00161     BCF     STATUS,RP0
0015   309D           00162     MOVLW   0x9d
0016   0095           00163     MOVWF   CCPR1L
0017   1397           00164     BCF     CCP1CON,7
0018   1317           00165     BCF     CCP1CON,6
0019   1297           00166     BCF     CCP1CON,5 
001A   1217           00167     BCF     CCP1CON,4
001B   1597           00168     BSF     CCP1CON,3
001C   1517           00169     BSF     CCP1CON,2
001D   1097           00170     BCF     CCP1CON,1
001E   1017           00171     BCF     CCP1CON,0
                      00172 
001F   3020           00173     MOVLW   0x20
0020   009B           00174     MOVWF   CCPR2L
0021   169D           00175     BSF     CCP2CON,5
0022   121D           00176     BCF     CCP2CON,4
0023   159D           00177     BSF     CCP2CON,3   
0024   151D           00178     BSF     CCP2CON,2
0025   149D           00179     BSF     CCP2CON,1
0026   141D           00180     BSF     CCP2CON,0
                      00181         
0027   1683 1303      00182     BANKSEL OPTION_REG
0029   0064           00183     CLRWDT
002A   3057           00184     MOVLW   b'01010111'
Message[302]: Register in operand not in bank 0.  Ensure that bank bits are correct.
002B   0081           00185     MOVWF   OPTION_REG  
002C   1283 1303      00186     BANKSEL PORTA
002E   30FF           00187     MOVLW   .255
002F   0092           00188     MOVWF   T2CON
0030   0008           00189     RETURN
                      00190     
                      00191     
MPASM 5.77                     PROYECTO3.ASM   11-5-2020  13:54:38         PAGE  5


LOC  OBJECT CODE     LINE SOURCE TEXT
  VALUE

0031                  00192 CONFIG_TMR1                         ; 1 SEGUNDO PARA LEDS
0031   1283 1303      00193     BANKSEL PORTA
0033   0190           00194     CLRF    T1CON
0034   1410           00195     BSF     T1CON, 0
0035   1090           00196     BCF     T1CON, 1
0036   1190           00197     BCF     T1CON, 3
0037   1610           00198     BSF     T1CON, 4
0038   1690           00199     BSF     T1CON, 5
0039   0008           00200     RETURN
                      00201     
003A                  00202 CONFIG_IO
003A   1683 1703      00203    BANKSEL  ANSEL
Message[302]: Register in operand not in bank 0.  Ensure that bank bits are correct.
003C   0188           00204    CLRF     ANSEL
Message[302]: Register in operand not in bank 0.  Ensure that bank bits are correct.
003D   1408           00205    BSF      ANSEL, 0    ; CONFIGURAR ANSEL PARA EL CANAL AN0 Y AN1
Message[302]: Register in operand not in bank 0.  Ensure that bank bits are correct.
003E   1488           00206    BSF      ANSEL, 1
Message[302]: Register in operand not in bank 0.  Ensure that bank bits are correct.
003F   0189           00207    CLRF     ANSELH
0040   1683 1303      00208    BANKSEL  TRISA
Message[302]: Register in operand not in bank 0.  Ensure that bank bits are correct.
0042   0185           00209    CLRF     TRISA
Message[305]: Using default destination of 1 (file).
Message[302]: Register in operand not in bank 0.  Ensure that bank bits are correct.
0043   0985           00210    COMF     TRISA       ; PONER COMO INPUT EL PUERTO A
Message[302]: Register in operand not in bank 0.  Ensure that bank bits are correct.
0044   0187           00211    CLRF     TRISC       ; COLOCAR PUERTOS COMO SALIDAS
Message[302]: Register in operand not in bank 0.  Ensure that bank bits are correct.
0045   0188           00212    CLRF     TRISD
0046   1283 1303      00213    BANKSEL  PORTD
0048   0185           00214    CLRF     PORTA
0049   0187           00215    CLRF     PORTC
004A   0188           00216    CLRF     PORTD
004B   0008           00217    RETURN
                      00218 
                      00219    
004C                  00220 CONFIG_ADC:                 ; CONFIGURACION ADC
004C   1683 1303      00221    BANKSEL  ADCON1
Message[302]: Register in operand not in bank 0.  Ensure that bank bits are correct.
004E   019F           00222    CLRF     ADCON1
004F   1283 1303      00223    BANKSEL  ADCON0
0051   3087           00224    MOVLW    B'10000111'     ; CANAL INICIAL AN1
0052   009F           00225    MOVWF    ADCON0
0053   0008           00226    RETURN
                      00227     
0054                  00228 CONFIG_INTERRUPT:
0054   1683 1303      00229     BANKSEL TRISA
Message[302]: Register in operand not in bank 0.  Ensure that bank bits are correct.
0056   170C           00230     BSF     PIE1, ADIE
0057   170B           00231     BSF     INTCON, PEIE
0058   168B           00232     BSF     INTCON, T0IE
                      00233     
MPASM 5.77                     PROYECTO3.ASM   11-5-2020  13:54:38         PAGE  6


LOC  OBJECT CODE     LINE SOURCE TEXT
  VALUE

0059   1283 1303      00234     BANKSEL PORTA
005B   110B           00235     BCF     INTCON, T0IF
005C   178B           00236     BSF     INTCON, GIE
005D   0008           00237     RETURN
                      00238     
Warning[207]: Found label after column 1. (DELAY_1)
005E                  00239     DELAY_1                 ; DELAYS
005E   30FA           00240     MOVLW   .250
005F   00??           00241     MOVWF   TIEMPO_1
Warning[207]: Found label after column 1. (CONFIG1)
0060                  00242     CONFIG1:
0060   2???           00243     CALL    DELAY_2
0061   0B??           00244     DECFSZ  TIEMPO_1, F
0062   2???           00245     GOTO    CONFIG1
0063   0008           00246     RETURN
                      00247 
Warning[207]: Found label after column 1. (DELAY_2)
0064                  00248     DELAY_2
0064   30FA           00249     MOVLW   .250
0065   00??           00250     MOVWF    TIEMPO_2
Warning[207]: Found label after column 1. (CONFIG2)
0066                  00251     CONFIG2:
0066   0B??           00252     DECFSZ  TIEMPO_2, F
0067   2???           00253     GOTO    CONFIG2
0068   0008           00254     RETURN
                      00255    
                      00256 ;PWM PERIODO = (PR2 + 1) * 4 * Tosc * Prescaler
                      00257 ;20mS = (1249 + 1) * 4 * (1/4MHZ) * 16
                      00258 ;31 - 63
0069                  00259 CONFIG_PWM:
0069   3007           00260     MOVLW   B'000111'
006A   0095           00261     MOVWF   CCPR1L
006B   303F           00262     MOVLW   B'00111111'
006C   0097           00263     MOVWF   CCP1CON
                      00264     
                      00265     
006D   3007           00266     MOVLW   B'000111'
006E   009B           00267     MOVWF   CCPR2L
006F   303F           00268     MOVLW   B'00111111'
0070   009D           00269     MOVWF   CCP2CON
0071   0008           00270     RETURN
                      00271 
Warning[205]: Found directive in column 1. (END)
20D4 3FFF             00272 END
MPASM 5.77                     PROYECTO3.ASM   11-5-2020  13:54:38         PAGE  7


SYMBOL TABLE
  LABEL                             VALUE 

ABDEN                             00000000
ABDOVF                            00000007
ACKDT                             00000005
ACKEN                             00000004
ACKSTAT                           00000006
ADCON0                            0000001F
ADCON1                            0000009F
ADCS0                             00000006
ADCS1                             00000007
ADDEN                             00000003
ADFM                              00000007
ADIE                              00000006
ADIF                              00000006
ADON                              00000000
ADRESH                            0000001E
ADRESL                            0000009E
ANS0                              00000000
ANS1                              00000001
ANS10                             00000002
ANS11                             00000003
ANS12                             00000004
ANS13                             00000005
ANS2                              00000002
ANS3                              00000003
ANS4                              00000004
ANS5                              00000005
ANS6                              00000006
ANS7                              00000007
ANS8                              00000000
ANS9                              00000001
ANSEL                             00000188
ANSELH                            00000189
BANDERA                           00000004
BAUDCTL                           00000187
BCLIE                             00000003
BCLIF                             00000003
BF                                00000000
BRG0                              00000000
BRG1                              00000001
BRG10                             00000002
BRG11                             00000003
BRG12                             00000004
BRG13                             00000005
BRG14                             00000006
BRG15                             00000007
BRG16                             00000003
BRG2                              00000002
BRG3                              00000003
BRG4                              00000004
BRG5                              00000005
BRG6                              00000006
BRG7                              00000007
BRG8                              00000000
MPASM 5.77                     PROYECTO3.ASM   11-5-2020  13:54:38         PAGE  8


SYMBOL TABLE
  LABEL                             VALUE 

BRG9                              00000001
BRGH                              00000002
C                                 00000000
C1CH0                             00000000
C1CH1                             00000001
C1IE                              00000005
C1IF                              00000005
C1OE                              00000005
C1ON                              00000007
C1OUT                             00000006
C1POL                             00000004
C1R                               00000002
C1RSEL                            00000005
C1SEN                             00000005
C2CH0                             00000000
C2CH1                             00000001
C2IE                              00000006
C2IF                              00000006
C2OE                              00000005
C2ON                              00000007
C2OUT                             00000006
C2POL                             00000004
C2R                               00000002
C2REN                             00000004
C2RSEL                            00000004
C2SYNC                            00000000
CCP1CON                           00000017
CCP1IE                            00000002
CCP1IF                            00000002
CCP1M0                            00000000
CCP1M1                            00000001
CCP1M2                            00000002
CCP1M3                            00000003
CCP1X                             00000005
CCP1Y                             00000004
CCP2CON                           0000001D
CCP2IE                            00000000
CCP2IF                            00000000
CCP2M0                            00000000
CCP2M1                            00000001
CCP2M2                            00000002
CCP2M3                            00000003
CCP2X                             00000005
CCP2Y                             00000004
CCPR1                             00000015
CCPR1H                            00000016
CCPR1L                            00000015
CCPR2                             0000001B
CCPR2H                            0000001C
CCPR2L                            0000001B
CHS0                              00000002
CHS1                              00000003
CHS2                              00000004
MPASM 5.77                     PROYECTO3.ASM   11-5-2020  13:54:38         PAGE  9


SYMBOL TABLE
  LABEL                             VALUE 

CHS3                              00000005
CKE                               00000006
CKP                               00000004
CM1CON0                           00000107
CM2CON0                           00000108
CM2CON1                           00000109
CONFIG1                           00000060
CONFIG2                           00000066
CONFIG_ADC                        0000004C
CONFIG_INTERRUPT                  00000054
CONFIG_IO                         0000003A
CONFIG_PWM                        00000069
CONFIG_TMR1                       00000031
COSO1                             0000001D
COSO2                             00000023
COSO_1                            00000016
COSO_ADC                          0000001B
COSO_TMR0                         00000011
CREN                              00000004
CSRC                              00000007
D                                 00000005
DATA_ADDRESS                      00000005
DC                                00000001
DC1B0                             00000004
DC1B1                             00000005
DC2B0                             00000004
DC2B1                             00000005
DELAY_1                           0000005E
DELAY_2                           00000064
D_A                               00000005
D_NOT_A                           00000005
ECCPAS                            0000009C
ECCPAS0                           00000004
ECCPAS1                           00000005
ECCPAS2                           00000006
ECCPASE                           00000007
EEADR                             0000010D
EEADRH                            0000010F
EECON1                            0000018C
EECON2                            0000018D
EEDAT                             0000010C
EEDATA                            0000010C
EEDATH                            0000010E
EEIE                              00000004
EEIF                              00000004
EEPGD                             00000007
F                                 00000001
FERR                              00000002
FSR                               00000004
FVREN                             00000000
GCEN                              00000007
GIE                               00000007
GO                                00000001
MPASM 5.77                     PROYECTO3.ASM   11-5-2020  13:54:38         PAGE 10


SYMBOL TABLE
  LABEL                             VALUE 

GO_DONE                           00000001
GO_NOT_DONE                       00000001
HTS                               00000002
I2C_DATA                          00000005
I2C_READ                          00000002
I2C_START                         00000003
I2C_STOP                          00000004
INDF                              00000000
INTCON                            0000000B
INTE                              00000004
INTEDG                            00000006
INTF                              00000001
IOCB                              00000096
IOCB0                             00000000
IOCB1                             00000001
IOCB2                             00000002
IOCB3                             00000003
IOCB4                             00000004
IOCB5                             00000005
IOCB6                             00000006
IOCB7                             00000007
IRCF0                             00000004
IRCF1                             00000005
IRCF2                             00000006
IRP                               00000007
ISR                               00000008
LOOP                              00000007
LTS                               00000001
MC1OUT                            00000007
MC2OUT                            00000006
MOTORDC                           00000007
MSK                               00000093
MSK0                              00000000
MSK1                              00000001
MSK2                              00000002
MSK3                              00000003
MSK4                              00000004
MSK5                              00000005
MSK6                              00000006
MSK7                              00000007
NIVEL_1                           0000001A
NIVEL_2                           00000018
NIVEL_3                           00000019
NOT_A                             00000005
NOT_ADDRESS                       00000005
NOT_BO                            00000000
NOT_BOR                           00000000
NOT_DONE                          00000001
NOT_PD                            00000003
NOT_POR                           00000001
NOT_RBPU                          00000007
NOT_RC8                           00000006
NOT_T1SYNC                        00000002
MPASM 5.77                     PROYECTO3.ASM   11-5-2020  13:54:38         PAGE 11


SYMBOL TABLE
  LABEL                             VALUE 

NOT_TO                            00000004
NOT_TX8                           00000006
NOT_W                             00000002
NOT_WRITE                         00000002
OERR                              00000001
OPTION_REG                        00000081
OSCCON                            0000008F
OSCTUNE                           00000090
OSFIE                             00000007
OSFIF                             00000007
OSTS                              00000003
P                                 00000004
P1M0                              00000006
P1M1                              00000007
PCL                               00000002
PCLATH                            0000000A
PCON                              0000008E
PDC0                              00000000
PDC1                              00000001
PDC2                              00000002
PDC3                              00000003
PDC4                              00000004
PDC5                              00000005
PDC6                              00000006
PEIE                              00000006
PEN                               00000002
PIE1                              0000008C
PIE2                              0000008D
PIR1                              0000000C
PIR2                              0000000D
POP                               0000000C
PORTA                             00000005
PORTB                             00000006
PORTC                             00000007
PORTD                             00000008
PORTE                             00000009
PR2                               00000092
PRSEN                             00000007
PS0                               00000000
PS1                               00000001
PS2                               00000002
PSA                               00000003
PSSAC0                            00000002
PSSAC1                            00000003
PSSBD0                            00000000
PSSBD1                            00000001
PSTRCON                           0000009D
PULSR                             00000002
PULSS                             00000003
PUSH                              00000004
PWM1CON                           0000009B
R                                 00000002
RA0                               00000000
MPASM 5.77                     PROYECTO3.ASM   11-5-2020  13:54:38         PAGE 12


SYMBOL TABLE
  LABEL                             VALUE 

RA1                               00000001
RA2                               00000002
RA3                               00000003
RA4                               00000004
RA5                               00000005
RA6                               00000006
RA7                               00000007
RB0                               00000000
RB1                               00000001
RB2                               00000002
RB3                               00000003
RB4                               00000004
RB5                               00000005
RB6                               00000006
RB7                               00000007
RBIE                              00000003
RBIF                              00000000
RC0                               00000000
RC1                               00000001
RC2                               00000002
RC3                               00000003
RC4                               00000004
RC5                               00000005
RC6                               00000006
RC7                               00000007
RC8_9                             00000006
RC9                               00000006
RCD8                              00000000
RCEN                              00000003
RCIDL                             00000006
RCIE                              00000005
RCIF                              00000005
RCREG                             0000001A
RCSTA                             00000018
RD                                00000000
RD0                               00000000
RD1                               00000001
RD2                               00000002
RD3                               00000003
RD4                               00000004
RD5                               00000005
RD6                               00000006
RD7                               00000007
RE0                               00000000
RE1                               00000001
RE2                               00000002
RE3                               00000003
READ_WRITE                        00000002
RP0                               00000005
RP1                               00000006
RSEN                              00000001
RX9                               00000006
RX9D                              00000000
MPASM 5.77                     PROYECTO3.ASM   11-5-2020  13:54:38         PAGE 13


SYMBOL TABLE
  LABEL                             VALUE 

R_NOT_W                           00000002
R_W                               00000002
S                                 00000003
SBOREN                            00000004
SCKP                              00000004
SCS                               00000000
SEN                               00000000
SENDB                             00000003
SERVO1                            00000005
SERVO2                            00000006
SMP                               00000007
SPBRG                             00000099
SPBRGH                            0000009A
SPEN                              00000007
SR0                               00000006
SR1                               00000007
SRCON                             00000185
SREN                              00000005
SSPADD                            00000093
SSPBUF                            00000013
SSPCON                            00000014
SSPCON2                           00000091
SSPEN                             00000005
SSPIE                             00000003
SSPIF                             00000003
SSPM0                             00000000
SSPM1                             00000001
SSPM2                             00000002
SSPM3                             00000003
SSPMSK                            00000093
SSPOV                             00000006
SSPSTAT                           00000094
START                             00000000
STATUS                            00000003
STRA                              00000000
STRB                              00000001
STRC                              00000002
STRD                              00000003
STRSYNC                           00000004
SWDTEN                            00000000
SYNC                              00000004
T0CS                              00000005
T0IE                              00000005
T0IF                              00000002
T0SE                              00000004
T1CKPS0                           00000004
T1CKPS1                           00000005
T1CON                             00000010
T1GINV                            00000007
T1GIV                             00000007
T1GSS                             00000001
T1INSYNC                          00000002
T1OSCEN                           00000003
MPASM 5.77                     PROYECTO3.ASM   11-5-2020  13:54:38         PAGE 14


SYMBOL TABLE
  LABEL                             VALUE 

T1SYNC                            00000002
T2CKPS0                           00000000
T2CKPS1                           00000001
T2CON                             00000012
TABLA                             0000002B
TERMINAR                          00000028
TIEMPO_1                          00000000
TIEMPO_2                          00000001
TMR0                              00000001
TMR0IE                            00000005
TMR0IF                            00000002
TMR1                              0000000E
TMR1CS                            00000001
TMR1GE                            00000006
TMR1H                             0000000F
TMR1IE                            00000000
TMR1IF                            00000000
TMR1L                             0000000E
TMR1ON                            00000000
TMR2                              00000011
TMR2IE                            00000001
TMR2IF                            00000001
TMR2ON                            00000002
TOUTPS0                           00000003
TOUTPS1                           00000004
TOUTPS2                           00000005
TOUTPS3                           00000006
TRISA                             00000085
TRISA0                            00000000
TRISA1                            00000001
TRISA2                            00000002
TRISA3                            00000003
TRISA4                            00000004
TRISA5                            00000005
TRISA6                            00000006
TRISA7                            00000007
TRISB                             00000086
TRISB0                            00000000
TRISB1                            00000001
TRISB2                            00000002
TRISB3                            00000003
TRISB4                            00000004
TRISB5                            00000005
TRISB6                            00000006
TRISB7                            00000007
TRISC                             00000087
TRISC0                            00000000
TRISC1                            00000001
TRISC2                            00000002
TRISC3                            00000003
TRISC4                            00000004
TRISC5                            00000005
TRISC6                            00000006
MPASM 5.77                     PROYECTO3.ASM   11-5-2020  13:54:38         PAGE 15


SYMBOL TABLE
  LABEL                             VALUE 

TRISC7                            00000007
TRISD                             00000088
TRISD0                            00000000
TRISD1                            00000001
TRISD2                            00000002
TRISD3                            00000003
TRISD4                            00000004
TRISD5                            00000005
TRISD6                            00000006
TRISD7                            00000007
TRISE                             00000089
TRISE0                            00000000
TRISE1                            00000001
TRISE2                            00000002
TRISE3                            00000003
TRMT                              00000001
TUN0                              00000000
TUN1                              00000001
TUN2                              00000002
TUN3                              00000003
TUN4                              00000004
TX8_9                             00000006
TX9                               00000006
TX9D                              00000000
TXD8                              00000000
TXEN                              00000005
TXIE                              00000004
TXIF                              00000004
TXREG                             00000019
TXSTA                             00000098
UA                                00000001
UGHHHHHH                          00000011
ULPWUE                            00000005
ULPWUIE                           00000002
ULPWUIF                           00000002
VAR_STATUS                        00000003
VCFG0                             00000004
VCFG1                             00000005
VR0                               00000000
VR1                               00000001
VR2                               00000002
VR3                               00000003
VRCON                             00000097
VREN                              00000007
VROE                              00000006
VRR                               00000005
VRSS                              00000004
W                                 00000000
WCOL                              00000007
WDTCON                            00000105
WDTPS0                            00000001
WDTPS1                            00000002
WDTPS2                            00000003
MPASM 5.77                     PROYECTO3.ASM   11-5-2020  13:54:38         PAGE 16


SYMBOL TABLE
  LABEL                             VALUE 

WDTPS3                            00000004
WPUB                              00000095
WPUB0                             00000000
WPUB1                             00000001
WPUB2                             00000002
WPUB3                             00000003
WPUB4                             00000004
WPUB5                             00000005
WPUB6                             00000006
WPUB7                             00000007
WR                                00000001
WREN                              00000002
WRERR                             00000003
WUE                               00000001
W_TEMP                            00000002
Z                                 00000002
_BOR21V                           00003EFF
_BOR40V                           00003FFF
_BOR4V_BOR21V                     00003EFF
_BOR4V_BOR40V                     00003FFF
_BOREN_NSLEEP                     00003EFF
_BOREN_OFF                        00003CFF
_BOREN_ON                         00003FFF
_BOREN_SBODEN                     00003DFF
_BOR_NSLEEP                       00003EFF
_BOR_OFF                          00003CFF
_BOR_ON                           00003FFF
_BOR_SBODEN                       00003DFF
_CONFIG1                          00002007
_CONFIG2                          00002008
_CPD_OFF                          00003FFF
_CPD_ON                           00003F7F
_CP_OFF                           00003FFF
_CP_ON                            00003FBF
_DEBUG_OFF                        00003FFF
_DEBUG_ON                         00001FFF
_DEVID1                           00002006
_EC_OSC                           00003FFB
_EXTRC                            00003FFF
_EXTRCIO                          00003FFE
_EXTRC_OSC_CLKOUT                 00003FFF
_EXTRC_OSC_NOCLKOUT               00003FFE
_FCMEN_OFF                        000037FF
_FCMEN_ON                         00003FFF
_FOSC_EC                          00003FFB
_FOSC_EXTRC_CLKOUT                00003FFF
_FOSC_EXTRC_NOCLKOUT              00003FFE
_FOSC_HS                          00003FFA
_FOSC_INTRC_CLKOUT                00003FFD
_FOSC_INTRC_NOCLKOUT              00003FFC
_FOSC_LP                          00003FF8
_FOSC_XT                          00003FF9
_HS_OSC                           00003FFA
MPASM 5.77                     PROYECTO3.ASM   11-5-2020  13:54:38         PAGE 17


SYMBOL TABLE
  LABEL                             VALUE 

_IDLOC0                           00002000
_IDLOC1                           00002001
_IDLOC2                           00002002
_IDLOC3                           00002003
_IESO_OFF                         00003BFF
_IESO_ON                          00003FFF
_INTOSC                           00003FFD
_INTOSCIO                         00003FFC
_INTRC_OSC_CLKOUT                 00003FFD
_INTRC_OSC_NOCLKOUT               00003FFC
_LP_OSC                           00003FF8
_LVP_OFF                          00002FFF
_LVP_ON                           00003FFF
_MCLRE_OFF                        00003FDF
_MCLRE_ON                         00003FFF
_PWRTE_OFF                        00003FFF
_PWRTE_ON                         00003FEF
_WDTE_OFF                         00003FF7
_WDTE_ON                          00003FFF
_WDT_OFF                          00003FF7
_WDT_ON                           00003FFF
_WRT_1FOURTH                      00003BFF
_WRT_256                          00003DFF
_WRT_HALF                         000039FF
_WRT_OFF                          00003FFF
_XT_OSC                           00003FF9
__16F887                          00000001

Errors   :     0
Warnings :    12 reported,     0 suppressed
Messages :    14 reported,     0 suppressed

